[38;5;112m[Appium][0m Welcome to Appium v2.14.0
[38;5;112m[Appium][0m Non-default server args:
[38;5;112m[Appium][0m { basePath: [32m'/wd/hub'[39m, loglevel: [32m'info'[39m, port: [33m63055[39m }
[38;5;112m[Appium][0m Attempting to load driver uiautomator2...
[38;5;112m[Appium][0m Appium REST http interface listener started on http://0.0.0.0:63055/wd/hub
[38;5;112m[Appium][0m You can provide the following URLs in your client code to connect to this server:
	http://192.168.100.112:63055/wd/hub
	http://127.0.0.1:63055/wd/hub (only accessible from the same host)
[38;5;112m[Appium][0m Available drivers:
[38;5;112m[Appium][0m   - uiautomator2@3.9.6 (automationName 'UiAutomator2')
[38;5;112m[Appium][0m No plugins have been installed. Use the "appium plugin" command to install the one(s) you want to use.
[38;5;86m[HTTP][0m [37m-->[39m [37mGET[39m [37m/wd/hub/status[39m [90m{}[39m
[38;5;86m[HTTP][0m [37m<-- GET /wd/hub/status [39m[32m200[39m [90m8 ms - 111[39m [90m[39m
[38;5;86m[HTTP][0m [37m-->[39m [37mGET[39m [37m/wd/hub/status[39m [90m{}[39m
[38;5;86m[HTTP][0m [37m<-- GET /wd/hub/status [39m[32m200[39m [90m1 ms - 111[39m [90m[39m
[38;5;86m[HTTP][0m [37m-->[39m [37mPOST[39m [37m/wd/hub/session[39m [90m{"capabilities":{"firstMatch":[{"appium:appActivity":".Settings","appium:appPackage":"com.android.settings","appium:autoGrantPermissions":true,"appium:automationName":"uiautomator2","appium:deviceId":"0558325078002421","appium:deviceName":"INFINIX MOBILITY LIMITED Infinix X690B (Android 10)","appium:newCommandTimeout":1800,"appium:platformName":"ANDROID","appium:platformVersion":"10","appium:systemPort":8243,"appium:udid":"0558325078002421","platformName":"ANDROID"}]},"desiredCapabilities":{"appium:appActivity":".Settings","appium:appPackage":"com.android.settings","appium:autoGrantPermissions":true,"appium:automationName":"uiautomator2","appium:deviceId":"0558325078002421","appium:deviceName":"INFINIX MOBILITY LIMITED Infinix X690B (Android 10)","appium:newCommandTimeout":1800,"appium:platformName":"ANDROID","appium:platformVersion":"10","appium:systemPort":8243,"appium:udid":"0558325078002421"}}[39m
[38;5;123m[BaseDriver][0m Ignoring capability 'appium:platformName=ANDROID' and using capability 'platformName=ANDROID'
[38;5;123m[BaseDriver][0m The capabilities ["platformName"] are standard capabilities and do not require "appium:" prefix
[38;5;112m[Appium][0m Attempting to find matching driver for automationName 'uiautomator2' and platformName 'ANDROID'
[38;5;112m[Appium][0m The 'uiautomator2' driver was installed and matched caps.
[38;5;112m[Appium][0m Will require it at C:\Users\baloc\.appium\node_modules\appium-uiautomator2-driver
[38;5;93m[AppiumDriver@bc44][0m Appium v2.14.0 creating new AndroidUiautomator2Driver (v3.9.6) session
[38;5;93m[AppiumDriver@bc44][0m Checking BaseDriver versions for Appium and AndroidUiautomator2Driver
[38;5;93m[AppiumDriver@bc44][0m Appium's BaseDriver version is 9.14.0
[38;5;93m[AppiumDriver@bc44][0m AndroidUiautomator2Driver's BaseDriver version is 9.14.0
[38;5;-81m[AndroidUiautomator2Driver@a67f][0m The following provided capabilities were not recognized by this driver:
[38;5;-81m[AndroidUiautomator2Driver@a67f][0m   deviceId
[38;5;183m[73b71342][0m[38;5;-81m[AndroidUiautomator2Driver@a67f][0m Session created with session id: 73b71342-4ef5-4ce3-964c-cdf2529bd3a0
[38;5;183m[73b71342][0m[38;5;229m[ADB][0m Found 1 'build-tools' folders under 'C:\Users\baloc\.katalon\tools\android_sdk' (newest first):
[38;5;183m[73b71342][0m[38;5;229m[ADB][0m     C:\Users\baloc\.katalon\tools\android_sdk\build-tools\29.0.3
[38;5;183m[73b71342][0m[38;5;229m[ADB][0m Using 'adb.exe' from 'C:\Users\baloc\.katalon\tools\android_sdk\platform-tools\adb.exe'
[38;5;183m[73b71342][0m[38;5;-81m[AndroidUiautomator2Driver@a67f][0m Retrieving device list
[38;5;183m[73b71342][0m[38;5;-81m[AndroidUiautomator2Driver@a67f][0m Using device: 0558325078002421
[38;5;183m[73b71342][0m[38;5;229m[ADB][0m Using 'adb.exe' from 'C:\Users\baloc\.katalon\tools\android_sdk\platform-tools\adb.exe'
[38;5;183m[73b71342][0m[38;5;-81m[AndroidUiautomator2Driver@a67f][0m Starting 'com.android.settings' directly on the device
[38;5;183m[73b71342][0m[38;5;229m[ADB][0m Getting device platform version
[38;5;183m[73b71342][0m[38;5;-81m[AndroidUiautomator2Driver@a67f][0m Relaxing hidden api policy
[38;5;183m[73b71342][0m[38;5;229m[ADB][0m Using 'aapt2.exe' from 'C:\Users\baloc\.katalon\tools\android_sdk\build-tools\29.0.3\aapt2.exe'
[38;5;183m[73b71342][0m[38;5;-81m[AndroidUiautomator2Driver@a67f][0m Server packages are not going to be (re)installed
[38;5;183m[73b71342][0m[38;5;229m[ADB][0m Adding packages ["io.appium.settings","io.appium.uiautomator2.server","io.appium.uiautomator2.server.test"] to Doze whitelist
[38;5;183m[73b71342][0m[38;5;-81m[AndroidUiautomator2Driver@a67f][0m Starting UIAutomator2 server 7.1.8
[38;5;183m[73b71342][0m[38;5;-81m[AndroidUiautomator2Driver@a67f][0m Using UIAutomator2 server from 'C:\Users\baloc\.appium\node_modules\appium-uiautomator2-driver\node_modules\appium-uiautomator2-server\apks\appium-uiautomator2-server-v7.1.8.apk' and test from 'C:\Users\baloc\.appium\node_modules\appium-uiautomator2-driver\node_modules\appium-uiautomator2-server\apks\appium-uiautomator2-server-debug-androidTest.apk'
[38;5;183m[73b71342][0m[38;5;-81m[AndroidUiautomator2Driver@a67f][0m Waiting up to 30000ms for UiAutomator2 to be online...
[38;5;183m[73b71342][0m[38;5;-81m[AndroidUiautomator2Driver@a67f][0m socket hang up
[38;5;183m[73b71342][0m[38;5;-81m[AndroidUiautomator2Driver@a67f][0m socket hang up
[38;5;183m[73b71342][0m[38;5;-81m[AndroidUiautomator2Driver@a67f][0m socket hang up
[38;5;183m[73b71342][0m[38;5;-81m[AndroidUiautomator2Driver@a67f][0m Determined the downstream protocol as 'W3C'
[38;5;183m[73b71342][0m[38;5;-81m[AndroidUiautomator2Driver@a67f][0m Screen already unlocked, doing nothing
[38;5;183m[73b71342][0m[38;5;-81m[AndroidUiautomator2Driver@a67f][0m Starting 'com.android.settings/.Settings and waiting for 'com.android.settings/.Settings'
[38;5;183m[73b71342][0m[38;5;93m[AppiumDriver@bc44][0m New AndroidUiautomator2Driver session created successfully, session 73b71342-4ef5-4ce3-964c-cdf2529bd3a0 added to master session list
[38;5;183m[73b71342][0m[38;5;86m[HTTP][0m [37m<-- POST /wd/hub/session [39m[32m200[39m [90m7565 ms - 1205[39m [90m[39m
[38;5;86m[HTTP][0m [37m-->[39m [37mGET[39m [37m/wd/hub/status[39m [90m{}[39m
[38;5;86m[HTTP][0m [37m<-- GET /wd/hub/status [39m[32m200[39m [90m2 ms - 111[39m [90m[39m
[38;5;183m[73b71342][0m[38;5;86m[HTTP][0m [37m-->[39m [37mPOST[39m [37m/wd/hub/session/73b71342-4ef5-4ce3-964c-cdf2529bd3a0/timeouts[39m [90m{"implicit":60000}[39m
[38;5;183m[73b71342][0m[38;5;86m[HTTP][0m [37m<-- POST /wd/hub/session/73b71342-4ef5-4ce3-964c-cdf2529bd3a0/timeouts [39m[32m200[39m [90m4 ms - 14[39m [90m[39m
[38;5;183m[73b71342][0m[38;5;86m[HTTP][0m [37m-->[39m [37mPOST[39m [37m/wd/hub/session/73b71342-4ef5-4ce3-964c-cdf2529bd3a0/execute/sync[39m [90m{"script":"mobile: getSystemBars","args":[]}[39m
[38;5;183m[73b71342][0m[38;5;-81m[AndroidUiautomator2Driver@a67f][0m Executing native command 'mobile: getSystemBars'
[38;5;183m[73b71342][0m[38;5;86m[HTTP][0m [37m<-- POST /wd/hub/session/73b71342-4ef5-4ce3-964c-cdf2529bd3a0/execute/sync [39m[32m200[39m [90m206 ms - 148[39m [90m[39m
[38;5;183m[73b71342][0m[38;5;86m[HTTP][0m [37m-->[39m [37mPOST[39m [37m/wd/hub/session/73b71342-4ef5-4ce3-964c-cdf2529bd3a0/execute/sync[39m [90m{"script":"mobile: activateApp","args":[{"appId":"pk.com.telenor.phoenix","bundleId":"pk.com.telenor.phoenix"}]}[39m
[38;5;183m[73b71342][0m[38;5;-81m[AndroidUiautomator2Driver@a67f][0m Executing native command 'mobile: activateApp'
[38;5;183m[73b71342][0m[38;5;86m[HTTP][0m [37m<-- POST /wd/hub/session/73b71342-4ef5-4ce3-964c-cdf2529bd3a0/execute/sync [39m[32m200[39m [90m335 ms - 14[39m [90m[39m
[38;5;183m[73b71342][0m[38;5;86m[HTTP][0m [37m-->[39m [37mGET[39m [37m/wd/hub/session/73b71342-4ef5-4ce3-964c-cdf2529bd3a0/source[39m [90m{}[39m
[38;5;183m[73b71342][0m[38;5;-81m[AndroidUiautomator2Driver@a67f][0m Driver proxy active, passing request on via HTTP proxy
[38;5;183m[73b71342][0m[38;5;-81m[AndroidUiautomator2Driver@a67f][0m Replacing sessionId 935c1316-6c4b-43be-abcd-3d0ba8b8a463 with 73b71342-4ef5-4ce3-964c-cdf2529bd3a0
[38;5;183m[73b71342][0m[38;5;86m[HTTP][0m [37m<-- GET /wd/hub/session/73b71342-4ef5-4ce3-964c-cdf2529bd3a0/source [39m[32m200[39m [90m2042 ms - 15141[39m [90m[39m
[38;5;183m[73b71342][0m[38;5;86m[HTTP][0m [37m-->[39m [37mGET[39m [37m/wd/hub/session/73b71342-4ef5-4ce3-964c-cdf2529bd3a0/screenshot[39m [90m{}[39m
[38;5;183m[73b71342][0m[38;5;-81m[AndroidUiautomator2Driver@a67f][0m Got response with status 500: {"sessionId":"935c1316-6c4b-43be-abcd-3d0ba8b8a463","value":{"err[38;5;44m[876a4be5][0m[38;5;-183m[AndroidUiautomator2Driver@0804][0m Shutting down because we waited 1800 seconds for a command
[38;5;44m[876a4be5][0m[38;5;121m[AppiumDriver@e07a][0m Ending session, cause was 'New Command Timeout of 1800 seconds expired. Try customizing the timeout using the 'newCommandTimeout' desired capability'
[38;5;44m[876a4be5][0m[38;5;121m[AppiumDriver@e07a][0m Removing session '876a4be5-0a4c-4654-b879-9eb6f44c680f' from our master session list
[38;5;44m[876a4be5][0m[38;5;-183m[AndroidUiautomator2Driver@0804][0m Did not get confirmation UiAutomator2 deleteSession worked; Error was: UnknownError: An unknown server-side error occurred while processing the command. Original error: 'DELETE /' cannot be proxied to UiAutomator2 server because the instrumentation process is not running (probably crashed). Check the server log and/or the logcat output for more details
[38;5;44m[876a4be5][0m[38;5;-183m[AndroidUiautomator2Driver@0804][0m Restoring hidden api policy to the device default configuration
964c-cdf2529bd3a0/screenshot [39m[31m500[39m [90m152 ms - 4082[39m [90m[39m
[38;5;183m[73b71342][0m[38;5;86m[HTTP][0m [37m-->[39m [37mGET[39m [37m/wd/hub/session/73b71342-4ef5-4ce3-964c-cdf2529bd3a0/source[39m [90m{}[39m
[38;5;183m[73b71342][0m[38;5;-81m[AndroidUiautomator2Driver@a67f][0m Driver proxy active, passing request on via HTTP proxy
[38;5;183m[73b71342][0m[38;5;-81m[AndroidUiautomator2Driver@a67f][0m Replacing sessionId 935c1316-6c4b-43be-abcd-3d0ba8b8a463 with 73b71342-4ef5-4ce3-964c-cdf2529bd3a0
[38;5;183m[73b71342][0m[38;5;86m[HTTP][0m [37m<-- GET /wd/hub/session/73b71342-4ef5-4ce3-964c-cdf2529bd3a0/source [39m[32m200[39m [90m805 ms - 74610[39m [90m[39m
[38;5;183m[73b71342][0m[38;5;86m[HTTP][0m [37m-->[39m [37mGET[39m [37m/wd/hub/session/73b71342-4ef5-4ce3-964c-cdf2529bd3a0/screenshot[39m [90m{}[39m
[38;5;183m[73b71342][0m[38;5;86m[HTTP][0m [37m<-- GET /wd/hub/session/73b71342-4ef5-4ce3-964c-cdf2529bd3a0/screenshot [39m[32m200[39m [90m571 ms - 324500[39m [90m[39m
[38;5;183m[73b71342][0m[38;5;86m[HTTP][0m [37m-->[39m [37mGET[39m [37m/wd/hub/session/73b71342-4ef5-4ce3-964c-cdf2529bd3a0/source[39m [90m{}[39m
[38;5;183m[73b71342][0m[38;5;-81m[AndroidUiautomator2Driver@a67f][0m Driver proxy active, passing request on via HTTP proxy
[38;5;183m[73b71342][0m[38;5;-81m[AndroidUiautomator2Driver@a67f][0m Replacing sessionId 935c1316-6c4b-43be-abcd-3d0ba8b8a463 with 73b71342-4ef5-4ce3-964c-cdf2529bd3a0
[38;5;183m[73b71342][0m[38;5;86m[HTTP][0m [37m<-- GET /wd/hub/session/73b71342-4ef5-4ce3-964c-cdf2529bd3a0/source [39m[32m200[39m [90m652 ms - 68676[39m [90m[39m
[38;5;183m[73b71342][0m[38;5;86m[HTTP][0m [37m-->[39m [37mGET[39m [37m/wd/hub/session/73b71342-4ef5-4ce3-964c-cdf2529bd3a0/screenshot[39m [90m{}[39m
[38;5;183m[73b71342][0m[38;5;86m[HTTP][0m [37m<-- GET /wd/hub/session/73b71342-4ef5-4ce3-964c-cdf2529bd3a0/screenshot [39m[32m200[39m [90m591 ms - 270612[39m [90m[39m
[38;5;183m[73b71342][0m[38;5;86m[HTTP][0m [37m-->[39m [37mPOST[39m [37m/wd/hub/session/73b71342-4ef5-4ce3-964c-cdf2529bd3a0/timeouts[39m [90m{"implicit":1000}[39m
[38;5;183m[73b71342][0m[38;5;86m[HTTP][0m [37m<-- POST /wd/hub/session/73b71342-4ef5-4ce3-964c-cdf2529bd3a0/timeouts [39m[32m200[39m [90m2 ms - 14[39m [90m[39m
[38;5;183m[73b71342][0m[38;5;86m[HTTP][0m [37m-->[39m [37mPOST[39m [37m/wd/hub/session/73b71342-4ef5-4ce3-964c-cdf2529bd3a0/elements[39m [90m{"value":"//*[@class = 'android.widget.HorizontalScrollView' and @resource-id = 'pk.com.telenor.phoenix:id/tab_dot_personalized_feature' and (@text = '' or . = '')]","using":"xpath"}[39m
[38;5;183m[73b71342][0m[38;5;86m[HTTP][0m [37m<-- POST /wd/hub/session/73b71342-4ef5-4ce3-964c-cdf2529bd3a0/elements [39m[32m200[39m [90m1238 ms - 139[39m [90m[39m
[38;5;183m[73b71342][0m[38;5;86m[HTTP][0m [37m-->[39m [37mGET[39m [37m/wd/hub/session/73b71342-4ef5-4ce3-964c-cdf2529bd3a0/element/00000000-0000-05ae-ffff-ffff0000006b/rect[39m [90m{}[39m
[38;5;183m[73b71342][0m[38;5;-81m[AndroidUiautomator2Driver@a67f][0m Driver proxy active, passing request on via HTTP proxy
[38;5;183m[73b71342][0m[38;5;-81m[AndroidUiautomator2Driver@a67f][0m Replacing sessionId 935c1316-6c4b-43be-abcd-3d0ba8b8a463 with 73b71342-4ef5-4ce3-964c-cdf2529bd3a0
[38;5;183m[73b71342][0m[38;5;86m[HTTP][0m [37m<-- GET /wd/hub/session/73b71342-4ef5-4ce3-964c-cdf2529bd3a0/element/00000000-0000-05ae-ffff-ffff0000006b/rect [39m[32m200[39m [90m39 ms - 102[39m [90m[39m
[38;5;183m[73b71342][0m[38;5;86m[HTTP][0m [37m-->[39m [37mGET[39m [37m/wd/hub/session/73b71342-4ef5-4ce3-964c-cdf2529bd3a0/element/00000000-0000-05ae-ffff-ffff0000006b/rect[39m [90m{}[39m
[38;5;183m[73b71342][0m[38;5;-81m[AndroidUiautomator2Driver@a67f][0m Driver proxy active, passing request on via HTTP proxy
[38;5;183m[73b71342][0m[38;5;-81m[AndroidUiautomator2Driver@a67f][0m Replacing sessionId 935c1316-6c4b-43be-abcd-3d0ba8b8a463 with 73b71342-4ef5-4ce3-964c-cdf2529bd3a0
[38;5;183m[73b71342][0m[38;5;86m[HTTP][0m [37m<-- GET /wd/hub/session/73b71342-4ef5-4ce3-964c-cdf2529bd3a0/element/00000000-0000-05ae-ffff-ffff0000006b/rect [39m[32m200[39m [90m41 ms - 102[39m [90m[39m
[38;5;183m[73b71342][0m[38;5;86m[HTTP][0m [37m-->[39m [37mGET[39m [37m/wd/hub/session/73b71342-4ef5-4ce3-964c-cdf2529bd3a0/source[39m [90m{}[39m
[38;5;183m[73b71342][0m[38;5;-81m[AndroidUiautomator2Driver@a67f][0m Driver proxy active, passing request on via HTTP proxy
[38;5;183m[73b71342][0m[38;5;-81m[AndroidUiautomator2Driver@a67f][0m Replacing sessionId 935c1316-6c4b-43be-abcd-3d0ba8b8a463 with 73b71342-4ef5-4ce3-964c-cdf2529bd3a0
[38;5;183m[73b71342][0m[38;5;86m[HTTP][0m [37m<-- GET /wd/hub/session/73b71342-4ef5-4ce3-964c-cdf2529bd3a0/source [39m[32m200[39m [90m606 ms - 68676[39m [90m[39m
[38;5;183m[73b71342][0m[38;5;86m[HTTP][0m [37m-->[39m [37mGET[39m [37m/wd/hub/session/73b71342-4ef5-4ce3-964c-cdf2529bd3a0/screenshot[39m [90m{}[39m
[38;5;183m[73b71342][0m[38;5;86m[HTTP][0m [37m<-- GET /wd/hub/session/73b71342-4ef5-4ce3-964c-cdf2529bd3a0/screenshot [39m[32m200[39m [90m497 ms - 271296[39m [90m[39m
[38;5;183m[73b71342][0m[38;5;86m[HTTP][0m [37m-->[39m [37mDELETE[39m [37m/wd/hub/session/73b71342-4ef5-4ce3-964c-cdf2529bd3a0[39m [90m{}[39m
[38;5;183m[73b71342][0m[38;5;93m[AppiumDriver@bc44][0m Removing session 73b71342-4ef5-4ce3-964c-cdf2529bd3a0 from our master session list
[38;5;183m[73b71342][0m[38;5;-81m[AndroidUiautomator2Driver@a67f][0m Restoring hidden api policy to the device default configuration
[38;5;183m[73b71342][0m[38;5;86m[HTTP][0m [37m<-- DELETE /wd/hub/session/73b71342-4ef5-4ce3-964c-cdf2529bd3a0 [39m[32m200[39m [90m588 ms - 14[39m [90m[39m
